<?xml version="1.0" encoding="UTF-8" ?>
<testsuite tests="12" failures="1" name="TesteCucumber.CofreCucumberTest" time="0.896" errors="3" skipped="0">
  <properties>
[...]
</properties>
  <testcase classname="Verificar se o cofre faz valida\u00E7\u00E3o de senhas inv\u00E1lidas" name="Teste de inicializa\u00E7\u00E3o do cofre" time="0.245"/>
  <testcase classname="Verificar se o cofre faz valida\u00E7\u00E3o de senhas inv\u00E1lidas" name="Teste de apagar dados digitados" time="0"/>
  <testcase classname="Verificar se o cofre faz valida\u00E7\u00E3o de senhas inv\u00E1lidas" name="Teste com a porta n\u00E3o fechada" time="0.022"/>
  <testcase classname="Verificar se o cofre faz valida\u00E7\u00E3o de senhas inv\u00E1lidas" name="Teste para digitar um numero com a porta fechada" time="0.012"/>
  <testcase classname="Verificar se o cofre faz valida\u00E7\u00E3o de senhas inv\u00E1lidas" name="Teste para gravar senha valida para a porta fechada e destravada" time="0.014"/>
  <testcase classname="Verificar se o cofre faz valida\u00E7\u00E3o de senhas inv\u00E1lidas" name="Teste de senha com menos de 6 d\u00EDgitos" time="0.017">
    <failure message="expected:&lt;[senha precisa de 6 digitos. Tente novamente]&gt; but was:&lt;[1]&gt;" type="org.junit.ComparisonFailure">org.junit.ComparisonFailure: expected:&lt;[senha precisa de 6 digitos. Tente novamente]&gt; but was:&lt;[1]&gt;
	at org.junit.Assert.assertEquals(Assert.java:115)
	at org.junit.Assert.assertEquals(Assert.java:144)
	at TesteCucumber.DestravadoStep.deverá_ser_exibido_o_alerta(DestravadoStep.java:39)
	at ✽.deverá ser exibido o alerta &quot;senha precisa de 6 digitos. Tente novamente&quot;(src/main/resources/cofreexemplo/destravado.feature:51)
</failure>
    <system-out>
  Scenario: Teste de senha com menos de 6 dígitos                                  &amp;#27;[90m# src/main/resources/cofreexemplo/destravado.feature:48&amp;#27;[0m
    &amp;#27;[32mGiven &amp;#27;[0m&amp;#27;[32mque a porta do cofre está fechada&amp;#27;[0m                                        &amp;#27;[90m# DestravadoStep.que_a_porta_do_cofre_está_fechada()&amp;#27;[0m
    &amp;#27;[32mWhen &amp;#27;[0m&amp;#27;[32mpressionar o botão &amp;#27;[0m&amp;#27;[32m&amp;#27;[1m1&amp;#27;[0m&amp;#27;[32m do cofre&amp;#27;[0m                                             &amp;#27;[90m# DestravadoStep.pressionar_o_botão_do_cofre(int)&amp;#27;[0m
    &amp;#27;[31mThen &amp;#27;[0m&amp;#27;[31mdeverá ser exibido o alerta &quot;&amp;#27;[0m&amp;#27;[31m&amp;#27;[1msenha precisa de 6 digitos. Tente novamente&amp;#27;[0m&amp;#27;[31m&quot;&amp;#27;[0m &amp;#27;[90m# DestravadoStep.deverá_ser_exibido_o_alerta(String)&amp;#27;[0m
      &amp;#27;[31morg.junit.ComparisonFailure: expected:&lt;[senha precisa de 6 digitos. Tente novamente]&gt; but was:&lt;[1]&gt;
	at org.junit.Assert.assertEquals(Assert.java:115)
	at org.junit.Assert.assertEquals(Assert.java:144)
	at TesteCucumber.DestravadoStep.deverá_ser_exibido_o_alerta(DestravadoStep.java:39)
	at ?.deverá ser exibido o alerta &quot;senha precisa de 6 digitos. Tente novamente&quot;(src/main/resources/cofreexemplo/destravado.feature:51)
&amp;#27;[0m
    &amp;#27;[36mGiven &amp;#27;[0m&amp;#27;[36mque a porta do cofre está fechada&amp;#27;[0m                                        &amp;#27;[90m# DestravadoStep.que_a_porta_do_cofre_está_fechada()&amp;#27;[0m
    &amp;#27;[36mWhen &amp;#27;[0m&amp;#27;[36mpressionar o botão &amp;#27;[0m&amp;#27;[36m&amp;#27;[1m1&amp;#27;[0m&amp;#27;[36m do cofre&amp;#27;[0m                                             &amp;#27;[90m# DestravadoStep.pressionar_o_botão_do_cofre(int)&amp;#27;[0m
    &amp;#27;[36mAnd &amp;#27;[0m&amp;#27;[36mpressionar o botão &amp;#27;[0m&amp;#27;[36m&amp;#27;[1m1&amp;#27;[0m&amp;#27;[36m do cofre&amp;#27;[0m                                              &amp;#27;[90m# DestravadoStep.pressionar_o_botão_do_cofre(int)&amp;#27;[0m
    &amp;#27;[36mThen &amp;#27;[0m&amp;#27;[36mdeverá ser exibido o alerta &quot;&amp;#27;[0m&amp;#27;[36m&amp;#27;[1msenha precisa de 6 digitos. Tente novamente&amp;#27;[0m&amp;#27;[36m&quot;&amp;#27;[0m &amp;#27;[90m# DestravadoStep.deverá_ser_exibido_o_alerta(String)&amp;#27;[0m
</system-out>
  </testcase>
  <testcase classname="Verificar se o cofre faz valida\u00E7\u00E3o de senhas inv\u00E1lidas" name="Teste para digitar numeros com a porta do cofre fechada  e posteriormente abrir e poder digitar novamente" time="0.017"/>
  <testcase classname="Verificar se o cofre aceita" name="Solicitar abertura do cofre com senha inv\u00E1lida" time="0.008">
    <error type="java.lang.NullPointerException">java.lang.NullPointerException
	at TesteCucumber.DestravadoStep.pressionar_o_botão_do_cofre(DestravadoStep.java:78)
	at ✽.pressionar o botão 1 do cofre(src/main/resources/cofreexemplo/travado.feature:7)
</error>
    <system-out>
Feature: Verificar se o cofre aceita
         senhas válidas e faz verificação de senhas inválidas 

  Scenario: Solicitar abertura do cofre com senha inválida           &amp;#27;[90m# src/main/resources/cofreexemplo/travado.feature:5&amp;#27;[0m
    &amp;#27;[32mGiven &amp;#27;[0m&amp;#27;[32mque a porta do cofre esta travada&amp;#27;[0m                          &amp;#27;[90m# TravadoStep.que_a_porta_do_cofre_esta_travada()&amp;#27;[0m
    &amp;#27;[31mWhen &amp;#27;[0m&amp;#27;[31mpressionar o botão &amp;#27;[0m&amp;#27;[31m&amp;#27;[1m1&amp;#27;[0m&amp;#27;[31m do cofre&amp;#27;[0m                               &amp;#27;[90m# DestravadoStep.pressionar_o_botão_do_cofre(int)&amp;#27;[0m
      &amp;#27;[31mjava.lang.NullPointerException
	at TesteCucumber.DestravadoStep.pressionar_o_botão_do_cofre(DestravadoStep.java:78)
	at ?.pressionar o botão 1 do cofre(src/main/resources/cofreexemplo/travado.feature:7)
&amp;#27;[0m
    &amp;#27;[36mAnd &amp;#27;[0m&amp;#27;[36mpressionar o botão &amp;#27;[0m&amp;#27;[36m&amp;#27;[1m2&amp;#27;[0m&amp;#27;[36m do cofre&amp;#27;[0m                                &amp;#27;[90m# DestravadoStep.pressionar_o_botão_do_cofre(int)&amp;#27;[0m
    &amp;#27;[36mAnd &amp;#27;[0m&amp;#27;[36mpressionar o botão &amp;#27;[0m&amp;#27;[36m&amp;#27;[1m3&amp;#27;[0m&amp;#27;[36m do cofre&amp;#27;[0m                                &amp;#27;[90m# DestravadoStep.pressionar_o_botão_do_cofre(int)&amp;#27;[0m
    &amp;#27;[36mAnd &amp;#27;[0m&amp;#27;[36mpressionar o botão &amp;#27;[0m&amp;#27;[36m&amp;#27;[1m4&amp;#27;[0m&amp;#27;[36m do cofre&amp;#27;[0m                                &amp;#27;[90m# DestravadoStep.pressionar_o_botão_do_cofre(int)&amp;#27;[0m
    &amp;#27;[36mAnd &amp;#27;[0m&amp;#27;[36mpressionar o botão &amp;#27;[0m&amp;#27;[36m&amp;#27;[1m6&amp;#27;[0m&amp;#27;[36m do cofre&amp;#27;[0m                                &amp;#27;[90m# DestravadoStep.pressionar_o_botão_do_cofre(int)&amp;#27;[0m
    &amp;#27;[36mAnd &amp;#27;[0m&amp;#27;[36mpressionar o botão &amp;#27;[0m&amp;#27;[36m&amp;#27;[1m6&amp;#27;[0m&amp;#27;[36m do cofre&amp;#27;[0m                                &amp;#27;[90m# DestravadoStep.pressionar_o_botão_do_cofre(int)&amp;#27;[0m
    &amp;#27;[36mAnd &amp;#27;[0m&amp;#27;[36mpressionar o botão OK&amp;#27;[0m                                        &amp;#27;[90m# DestravadoStep.pressionar_o_botão_OK()&amp;#27;[0m
    &amp;#27;[36mThen &amp;#27;[0m&amp;#27;[36mdeverá ser exibido o alerta &quot;&amp;#27;[0m&amp;#27;[36m&amp;#27;[1msenha errada. Tente novamente&amp;#27;[0m&amp;#27;[36m&quot;&amp;#27;[0m &amp;#27;[90m# DestravadoStep.deverá_ser_exibido_o_alerta(String)&amp;#27;[0m
</system-out>
  </testcase>
  <testcase classname="Verificar se o cofre aceita" name="Solicitar abertura do cofre com a senha com menos de 6 d\u00EDgitos" time="0.007">
    <error type="java.lang.NullPointerException">java.lang.NullPointerException
	at TesteCucumber.DestravadoStep.pressionar_o_botão_do_cofre(DestravadoStep.java:78)
	at ✽.pressionar o botão 1 do cofre(src/main/resources/cofreexemplo/travado.feature:19)
</error>
    <system-out>
  Scenario: Solicitar abertura do cofre com a senha com menos de 6 dígitos &amp;#27;[90m# src/main/resources/cofreexemplo/travado.feature:17&amp;#27;[0m
    &amp;#27;[32mGiven &amp;#27;[0m&amp;#27;[32mque a porta do cofre esta travada&amp;#27;[0m                                &amp;#27;[90m# TravadoStep.que_a_porta_do_cofre_esta_travada()&amp;#27;[0m
    &amp;#27;[31mWhen &amp;#27;[0m&amp;#27;[31mpressionar o botão &amp;#27;[0m&amp;#27;[31m&amp;#27;[1m1&amp;#27;[0m&amp;#27;[31m do cofre&amp;#27;[0m                                     &amp;#27;[90m# DestravadoStep.pressionar_o_botão_do_cofre(int)&amp;#27;[0m
      &amp;#27;[31mjava.lang.NullPointerException
	at TesteCucumber.DestravadoStep.pressionar_o_botão_do_cofre(DestravadoStep.java:78)
	at ?.pressionar o botão 1 do cofre(src/main/resources/cofreexemplo/travado.feature:19)
&amp;#27;[0m
    &amp;#27;[36mAnd &amp;#27;[0m&amp;#27;[36mpressionar o botão OK&amp;#27;[0m                                              &amp;#27;[90m# DestravadoStep.pressionar_o_botão_OK()&amp;#27;[0m
    &amp;#27;[36mThen &amp;#27;[0m&amp;#27;[36mdeverá ser exibido o alerta &quot;&amp;#27;[0m&amp;#27;[36m&amp;#27;[1msenha errada. Tente novamente&amp;#27;[0m&amp;#27;[36m&quot;&amp;#27;[0m       &amp;#27;[90m# DestravadoStep.deverá_ser_exibido_o_alerta(String)&amp;#27;[0m
    &amp;#27;[36mGiven &amp;#27;[0m&amp;#27;[36mque a porta do cofre esta travada&amp;#27;[0m                                &amp;#27;[90m# TravadoStep.que_a_porta_do_cofre_esta_travada()&amp;#27;[0m
    &amp;#27;[36mWhen &amp;#27;[0m&amp;#27;[36mpressionar o botão &amp;#27;[0m&amp;#27;[36m&amp;#27;[1m1&amp;#27;[0m&amp;#27;[36m do cofre&amp;#27;[0m                                     &amp;#27;[90m# DestravadoStep.pressionar_o_botão_do_cofre(int)&amp;#27;[0m
    &amp;#27;[36mAnd &amp;#27;[0m&amp;#27;[36mpressionar o botão &amp;#27;[0m&amp;#27;[36m&amp;#27;[1m1&amp;#27;[0m&amp;#27;[36m do cofre&amp;#27;[0m                                      &amp;#27;[90m# DestravadoStep.pressionar_o_botão_do_cofre(int)&amp;#27;[0m
    &amp;#27;[36mAnd &amp;#27;[0m&amp;#27;[36mpressionar o botão OK&amp;#27;[0m                                              &amp;#27;[90m# DestravadoStep.pressionar_o_botão_OK()&amp;#27;[0m
    &amp;#27;[36mThen &amp;#27;[0m&amp;#27;[36mdeverá ser exibido o alerta &quot;&amp;#27;[0m&amp;#27;[36m&amp;#27;[1msenha errada. Tente novamente&amp;#27;[0m&amp;#27;[36m&quot;&amp;#27;[0m       &amp;#27;[90m# DestravadoStep.deverá_ser_exibido_o_alerta(String)&amp;#27;[0m
</system-out>
  </testcase>
  <testcase classname="Verificar se o cofre aceita" name="Solicitar abertura do cofre com senha v\u00E1lida" time="0.007">
    <error type="java.lang.NullPointerException">java.lang.NullPointerException
	at TesteCucumber.DestravadoStep.pressionar_o_botão_do_cofre(DestravadoStep.java:78)
	at ✽.pressionar o botão 1 do cofre(src/main/resources/cofreexemplo/travado.feature:32)
</error>
    <system-out>
  Scenario: Solicitar abertura do cofre com senha válida           &amp;#27;[90m# src/main/resources/cofreexemplo/travado.feature:30&amp;#27;[0m
    &amp;#27;[32mGiven &amp;#27;[0m&amp;#27;[32mque a porta do cofre esta travada&amp;#27;[0m                        &amp;#27;[90m# TravadoStep.que_a_porta_do_cofre_esta_travada()&amp;#27;[0m
    &amp;#27;[31mWhen &amp;#27;[0m&amp;#27;[31mpressionar o botão &amp;#27;[0m&amp;#27;[31m&amp;#27;[1m1&amp;#27;[0m&amp;#27;[31m do cofre&amp;#27;[0m                             &amp;#27;[90m# DestravadoStep.pressionar_o_botão_do_cofre(int)&amp;#27;[0m
      &amp;#27;[31mjava.lang.NullPointerException
	at TesteCucumber.DestravadoStep.pressionar_o_botão_do_cofre(DestravadoStep.java:78)
	at ?.pressionar o botão 1 do cofre(src/main/resources/cofreexemplo/travado.feature:32)
&amp;#27;[0m
    &amp;#27;[36mAnd &amp;#27;[0m&amp;#27;[36mpressionar o botão &amp;#27;[0m&amp;#27;[36m&amp;#27;[1m2&amp;#27;[0m&amp;#27;[36m do cofre&amp;#27;[0m                              &amp;#27;[90m# DestravadoStep.pressionar_o_botão_do_cofre(int)&amp;#27;[0m
    &amp;#27;[36mAnd &amp;#27;[0m&amp;#27;[36mpressionar o botão &amp;#27;[0m&amp;#27;[36m&amp;#27;[1m3&amp;#27;[0m&amp;#27;[36m do cofre&amp;#27;[0m                              &amp;#27;[90m# DestravadoStep.pressionar_o_botão_do_cofre(int)&amp;#27;[0m
    &amp;#27;[36mAnd &amp;#27;[0m&amp;#27;[36mpressionar o botão &amp;#27;[0m&amp;#27;[36m&amp;#27;[1m4&amp;#27;[0m&amp;#27;[36m do cofre&amp;#27;[0m                              &amp;#27;[90m# DestravadoStep.pressionar_o_botão_do_cofre(int)&amp;#27;[0m
    &amp;#27;[36mAnd &amp;#27;[0m&amp;#27;[36mpressionar o botão &amp;#27;[0m&amp;#27;[36m&amp;#27;[1m5&amp;#27;[0m&amp;#27;[36m do cofre&amp;#27;[0m                              &amp;#27;[90m# DestravadoStep.pressionar_o_botão_do_cofre(int)&amp;#27;[0m
    &amp;#27;[36mAnd &amp;#27;[0m&amp;#27;[36mpressionar o botão &amp;#27;[0m&amp;#27;[36m&amp;#27;[1m6&amp;#27;[0m&amp;#27;[36m do cofre&amp;#27;[0m                              &amp;#27;[90m# DestravadoStep.pressionar_o_botão_do_cofre(int)&amp;#27;[0m
    &amp;#27;[36mAnd &amp;#27;[0m&amp;#27;[36mpressionar o botão OK&amp;#27;[0m                                      &amp;#27;[90m# DestravadoStep.pressionar_o_botão_OK()&amp;#27;[0m
    &amp;#27;[36mThen &amp;#27;[0m&amp;#27;[36mdeverá ser exibido o alerta &quot;&amp;#27;[0m&amp;#27;[36m&amp;#27;[1msenha correta. Cofre aberto&amp;#27;[0m&amp;#27;[36m&quot;&amp;#27;[0m &amp;#27;[90m# DestravadoStep.deverá_ser_exibido_o_alerta(String)&amp;#27;[0m
</system-out>
  </testcase>
  <testcase classname="Verificar se o cofre faz valida\u00E7\u00E3o" name="Teste para verifica\u00E7\u00E3o de n\u00FAmeros" time="0.004"/>
  <testcase classname="Verificar se o cofre faz valida\u00E7\u00E3o" name="Teste para verifica\u00E7\u00E3o de senha v\u00E1lida" time="0.001"/>
</testsuite>