-------------------------------------------------------------------------------
Test set: TesteCucumber.CofreCucumberTest
-------------------------------------------------------------------------------
Tests run: 12, Failures: 1, Errors: 3, Skipped: 0, Time elapsed: 0.89 sec <<< FAILURE!
Teste de senha com menos de 6 d\u00EDgitos(Verificar se o cofre faz valida\u00E7\u00E3o de senhas inv\u00E1lidas)  Time elapsed: 0.017 sec  <<< FAILURE!
org.junit.ComparisonFailure: expected:<[senha precisa de 6 digitos. Tente novamente]> but was:<[1]>
	at org.junit.Assert.assertEquals(Assert.java:115)
	at org.junit.Assert.assertEquals(Assert.java:144)
	at TesteCucumber.DestravadoStep.deverá_ser_exibido_o_alerta(DestravadoStep.java:39)
	at ?.deverá ser exibido o alerta "senha precisa de 6 digitos. Tente novamente"(src/main/resources/cofreexemplo/destravado.feature:51)
Solicitar abertura do cofre com senha inv\u00E1lida(Verificar se o cofre aceita)  Time elapsed: 0.008 sec  <<< ERROR!
java.lang.NullPointerException
	at TesteCucumber.DestravadoStep.pressionar_o_botão_do_cofre(DestravadoStep.java:78)
	at ?.pressionar o botão 1 do cofre(src/main/resources/cofreexemplo/travado.feature:7)
Solicitar abertura do cofre com a senha com menos de 6 d\u00EDgitos(Verificar se o cofre aceita)  Time elapsed: 0.007 sec  <<< ERROR!
java.lang.NullPointerException
	at TesteCucumber.DestravadoStep.pressionar_o_botão_do_cofre(DestravadoStep.java:78)
	at ?.pressionar o botão 1 do cofre(src/main/resources/cofreexemplo/travado.feature:19)
Solicitar abertura do cofre com senha v\u00E1lida(Verificar se o cofre aceita)  Time elapsed: 0.007 sec  <<< ERROR!
java.lang.NullPointerException
	at TesteCucumber.DestravadoStep.pressionar_o_botão_do_cofre(DestravadoStep.java:78)
	at ?.pressionar o botão 1 do cofre(src/main/resources/cofreexemplo/travado.feature:32)
